<?xml version="1.0" encoding="UTF-8"?>
<testng-results skipped="0" failed="0" total="2" passed="2">
  <reporter-output>
  </reporter-output>
  <suite name="Suite" duration-ms="0" started-at="2019-08-27T15:25:23Z" finished-at="2019-08-27T15:25:23Z">
    <groups>
    </groups>
  </suite> <!-- Suite -->
  <suite name="Suite (1)" duration-ms="35851" started-at="2019-08-27T15:24:47Z" finished-at="2019-08-27T15:25:23Z">
    <groups>
    </groups>
    <test name="Test" duration-ms="35851" started-at="2019-08-27T15:24:47Z" finished-at="2019-08-27T15:25:23Z">
      <class name="com.atmecs.shoptools.testscripts2.DemoqaOrderingPageBySearch">
        <test-method status="PASS" signature="setup()[pri:0, instance:com.atmecs.shoptools.testscripts2.DemoqaOrderingPageBySearch@3532ec19]" name="setup" is-config="true" duration-ms="14117" started-at="2019-08-27T20:54:47Z" finished-at="2019-08-27T20:55:01Z">
          <reporter-output>
          </reporter-output>
        </test-method> <!-- setup -->
        <test-method status="PASS" signature="bysearch()[pri:0, instance:com.atmecs.shoptools.testscripts2.DemoqaOrderingPageBySearch@3532ec19]" name="bysearch" duration-ms="20996" started-at="2019-08-27T20:55:01Z" finished-at="2019-08-27T20:55:22Z">
          <reporter-output>
          </reporter-output>
        </test-method> <!-- bysearch -->
        <test-method status="PASS" signature="teardown()[pri:0, instance:com.atmecs.shoptools.testscripts2.DemoqaOrderingPageBySearch@3532ec19]" name="teardown" is-config="true" duration-ms="736" started-at="2019-08-27T20:55:22Z" finished-at="2019-08-27T20:55:23Z">
          <reporter-output>
          </reporter-output>
        </test-method> <!-- teardown -->
      </class> <!-- com.atmecs.shoptools.testscripts2.DemoqaOrderingPageBySearch -->
    </test> <!-- Test -->
  </suite> <!-- Suite (1) -->
  <suite name="Suite (0)" duration-ms="32201" started-at="2019-08-27T15:24:15Z" finished-at="2019-08-27T15:24:47Z">
    <groups>
    </groups>
    <test name="Test" duration-ms="32201" started-at="2019-08-27T15:24:15Z" finished-at="2019-08-27T15:24:47Z">
      <class name="com.atmecs.shoptools.testscripts1.DemoqaOrderingPage">
        <test-method status="PASS" signature="setup()[pri:0, instance:com.atmecs.shoptools.testscripts1.DemoqaOrderingPage@724af044]" name="setup" is-config="true" duration-ms="13632" started-at="2019-08-27T20:54:15Z" finished-at="2019-08-27T20:54:28Z">
          <reporter-output>
          </reporter-output>
        </test-method> <!-- setup -->
        <test-method status="PASS" signature="orders()[pri:0, instance:com.atmecs.shoptools.testscripts1.DemoqaOrderingPage@724af044]" name="orders" duration-ms="17767" started-at="2019-08-27T20:54:28Z" finished-at="2019-08-27T20:54:46Z">
          <reporter-output>
          </reporter-output>
        </test-method> <!-- orders -->
        <test-method status="PASS" signature="teardown()[pri:0, instance:com.atmecs.shoptools.testscripts1.DemoqaOrderingPage@724af044]" name="teardown" is-config="true" duration-ms="793" started-at="2019-08-27T20:54:46Z" finished-at="2019-08-27T20:54:47Z">
          <reporter-output>
          </reporter-output>
        </test-method> <!-- teardown -->
      </class> <!-- com.atmecs.shoptools.testscripts1.DemoqaOrderingPage -->
    </test> <!-- Test -->
  </suite> <!-- Suite (0) -->
</testng-results>
