<?xml version="1.0" encoding="UTF-8"?>
<testng-results skipped="0" failed="0" total="1" passed="1">
  <reporter-output>
  </reporter-output>
  <suite name="Default suite" duration-ms="171704" started-at="2019-08-26T14:40:44Z" finished-at="2019-08-26T14:43:36Z">
    <groups>
    </groups>
    <test name="Default test" duration-ms="171704" started-at="2019-08-26T14:40:44Z" finished-at="2019-08-26T14:43:36Z">
      <class name="com.atmecs.testscripts1.DemoqaOrderingPage">
        <test-method status="PASS" signature="setup()[pri:0, instance:com.atmecs.testscripts1.DemoqaOrderingPage@58651fd0]" name="setup" is-config="true" duration-ms="82467" started-at="2019-08-26T20:10:44Z" finished-at="2019-08-26T20:12:07Z">
          <reporter-output>
          </reporter-output>
        </test-method> <!-- setup -->
        <test-method status="PASS" signature="orders()[pri:0, instance:com.atmecs.testscripts1.DemoqaOrderingPage@58651fd0]" name="orders" duration-ms="87625" started-at="2019-08-26T20:12:07Z" finished-at="2019-08-26T20:13:34Z">
          <reporter-output>
          </reporter-output>
        </test-method> <!-- orders -->
        <test-method status="PASS" signature="teardown()[pri:0, instance:com.atmecs.testscripts1.DemoqaOrderingPage@58651fd0]" name="teardown" is-config="true" duration-ms="1585" started-at="2019-08-26T20:13:34Z" finished-at="2019-08-26T20:13:36Z">
          <reporter-output>
          </reporter-output>
        </test-method> <!-- teardown -->
      </class> <!-- com.atmecs.testscripts1.DemoqaOrderingPage -->
    </test> <!-- Default test -->
  </suite> <!-- Default suite -->
</testng-results>
